# JRE version: OpenJDK Runtime Environment Temurin-17.0.13+11 (17.0.13+11) (build 17.0.13+11)
# Java VM: OpenJDK 64-Bit Server VM Temurin-17.0.13+11 (17.0.13+11, mixed mode, tiered, compressed oops, compressed class ptrs, parallel gc, windows-amd64)
GC Precious Log:
 CPUs: 8 total, 8 available
 Memory: 16321M
 Large Page Support: Disabled
 NUMA Support: Disabled
 Compressed Oops: Enabled (32-bit)
 Alignments: Space 512K, Generation 512K, Heap 2M
 Heap Min Capacity: 100M
 Heap Initial Capacity: 100M
 Heap Max Capacity: 1G
 Pre-touch: Disabled
 Parallel Workers: 8
Heap:
 PSYoungGen      total 12288K, used 11698K [0x00000000eab00000, 0x00000000ebd00000, 0x0000000100000000)
  eden space 7168K, 100% used [0x00000000eab00000,0x00000000eb200000,0x00000000eb200000)
  from space 5120K, 88% used [0x00000000eb700000,0x00000000ebb6c948,0x00000000ebc00000)
  to   space 5120K, 0% used [0x00000000eb200000,0x00000000eb200000,0x00000000eb700000)
 ParOldGen       total 118784K, used 114808K [0x00000000c0000000, 0x00000000c7400000, 0x00000000eab00000)
  object space 118784K, 96% used [0x00000000c0000000,0x00000000c701e1b0,0x00000000c7400000)
 Metaspace       used 82611K, committed 83904K, reserved 1179648K
  class space    used 9795K, committed 10368K, reserved 1048576K
GC Heap History (20 events):
Event: 147.298 GC heap after
{Heap after GC invocations=2904 (full 39):
 PSYoungGen      total 6656K, used 2344K [0x00000000eab00000, 0x00000000eb500000, 0x0000000100000000)
  eden space 4096K, 0% used [0x00000000eab00000,0x00000000eab00000,0x00000000eaf00000)
  from space 2560K, 91% used [0x00000000eaf00000,0x00000000eb14a198,0x00000000eb180000)
  to   space 3072K, 0% used [0x00000000eb200000,0x00000000eb200000,0x00000000eb500000)
 ParOldGen       total 118784K, used 94549K [0x00000000c0000000, 0x00000000c7400000, 0x00000000eab00000)
  object space 118784K, 79% used [0x00000000c0000000,0x00000000c5c55460,0x00000000c7400000)
 Metaspace       used 82611K, committed 83904K, reserved 1179648K
  class space    used 9795K, committed 10368K, reserved 1048576K
}
Event: 147.612 GC heap before
{Heap before GC invocations=2905 (full 39):
 PSYoungGen      total 6656K, used 6440K [0x00000000eab00000, 0x00000000eb500000, 0x0000000100000000)
  eden space 4096K, 100% used [0x00000000eab00000,0x00000000eaf00000,0x00000000eaf00000)
  from space 2560K, 91% used [0x00000000eaf00000,0x00000000eb14a198,0x00000000eb180000)
  to   space 3072K, 0% used [0x00000000eb200000,0x00000000eb200000,0x00000000eb500000)
 ParOldGen       total 118784K, used 94549K [0x00000000c0000000, 0x00000000c7400000, 0x00000000eab00000)
  object space 118784K, 79% used [0x00000000c0000000,0x00000000c5c55460,0x00000000c7400000)
 Metaspace       used 82611K, committed 83904K, reserved 1179648K
  class space    used 9795K, committed 10368K, reserved 1048576K
}
Event: 147.613 GC heap after
{Heap after GC invocations=2905 (full 39):
 PSYoungGen      total 7168K, used 2830K [0x00000000eab00000, 0x00000000eb500000, 0x0000000100000000)
  eden space 4096K, 0% used [0x00000000eab00000,0x00000000eab00000,0x00000000eaf00000)
  from space 3072K, 92% used [0x00000000eb200000,0x00000000eb4c3b60,0x00000000eb500000)
  to   space 3072K, 0% used [0x00000000eaf00000,0x00000000eaf00000,0x00000000eb200000)
 ParOldGen       total 118784K, used 94549K [0x00000000c0000000, 0x00000000c7400000, 0x00000000eab00000)
  object space 118784K, 79% used [0x00000000c0000000,0x00000000c5c55460,0x00000000c7400000)
 Metaspace       used 82611K, committed 83904K, reserved 1179648K
  class space    used 9795K, committed 10368K, reserved 1048576K
}
Event: 147.636 GC heap before
{Heap before GC invocations=2906 (full 39):
 PSYoungGen      total 7168K, used 6926K [0x00000000eab00000, 0x00000000eb500000, 0x0000000100000000)
  eden space 4096K, 100% used [0x00000000eab00000,0x00000000eaf00000,0x00000000eaf00000)
  from space 3072K, 92% used [0x00000000eb200000,0x00000000eb4c3b60,0x00000000eb500000)
  to   space 3072K, 0% used [0x00000000eaf00000,0x00000000eaf00000,0x00000000eb200000)
 ParOldGen       total 118784K, used 94549K [0x00000000c0000000, 0x00000000c7400000, 0x00000000eab00000)
  object space 118784K, 79% used [0x00000000c0000000,0x00000000c5c55460,0x00000000c7400000)
 Metaspace       used 82611K, committed 83904K, reserved 1179648K
  class space    used 9795K, committed 10368K, reserved 1048576K
}
Event: 147.638 GC heap after
{Heap after GC invocations=2906 (full 39):
 PSYoungGen      total 7168K, used 3059K [0x00000000eab00000, 0x00000000eb800000, 0x0000000100000000)
  eden space 4096K, 0% used [0x00000000eab00000,0x00000000eab00000,0x00000000eaf00000)
  from space 3072K, 99% used [0x00000000eaf00000,0x00000000eb1fcf40,0x00000000eb200000)
  to   space 4608K, 0% used [0x00000000eb380000,0x00000000eb380000,0x00000000eb800000)
 ParOldGen       total 118784K, used 95732K [0x00000000c0000000, 0x00000000c7400000, 0x00000000eab00000)
  object space 118784K, 80% used [0x00000000c0000000,0x00000000c5d7d298,0x00000000c7400000)
 Metaspace       used 82611K, committed 83904K, reserved 1179648K
  class space    used 9795K, committed 10368K, reserved 1048576K
}
Event: 147.665 GC heap before
{Heap before GC invocations=2907 (full 39):
 PSYoungGen      total 7168K, used 7155K [0x00000000eab00000, 0x00000000eb800000, 0x0000000100000000)
  eden space 4096K, 100% used [0x00000000eab00000,0x00000000eaf00000,0x00000000eaf00000)
  from space 3072K, 99% used [0x00000000eaf00000,0x00000000eb1fcf40,0x00000000eb200000)
  to   space 4608K, 0% used [0x00000000eb380000,0x00000000eb380000,0x00000000eb800000)
 ParOldGen       total 118784K, used 95732K [0x00000000c0000000, 0x00000000c7400000, 0x00000000eab00000)
  object space 118784K, 80% used [0x00000000c0000000,0x00000000c5d7d298,0x00000000c7400000)
 Metaspace       used 82611K, committed 83904K, reserved 1179648K
  class space    used 9795K, committed 10368K, reserved 1048576K
}
Event: 147.666 GC heap after
{Heap after GC invocations=2907 (full 39):
 PSYoungGen      total 6656K, used 2435K [0x00000000eab00000, 0x00000000eb600000, 0x0000000100000000)
  eden space 4096K, 0% used [0x00000000eab00000,0x00000000eab00000,0x00000000eaf00000)
  from space 2560K, 95% used [0x00000000eb380000,0x00000000eb5e0cd8,0x00000000eb600000)
  to   space 3584K, 0% used [0x00000000eaf00000,0x00000000eaf00000,0x00000000eb280000)
 ParOldGen       total 118784K, used 97599K [0x00000000c0000000, 0x00000000c7400000, 0x00000000eab00000)
  object space 118784K, 82% used [0x00000000c0000000,0x00000000c5f4fde0,0x00000000c7400000)
 Metaspace       used 82611K, committed 83904K, reserved 1179648K
  class space    used 9795K, committed 10368K, reserved 1048576K
}
Event: 147.674 GC heap before
{Heap before GC invocations=2908 (full 39):
 PSYoungGen      total 6656K, used 6531K [0x00000000eab00000, 0x00000000eb600000, 0x0000000100000000)
  eden space 4096K, 100% used [0x00000000eab00000,0x00000000eaf00000,0x00000000eaf00000)
  from space 2560K, 95% used [0x00000000eb380000,0x00000000eb5e0cd8,0x00000000eb600000)
  to   space 3584K, 0% used [0x00000000eaf00000,0x00000000eaf00000,0x00000000eb280000)
 ParOldGen       total 118784K, used 97599K [0x00000000c0000000, 0x00000000c7400000, 0x00000000eab00000)
  object space 118784K, 82% used [0x00000000c0000000,0x00000000c5f4fde0,0x00000000c7400000)
 Metaspace       used 82611K, committed 83904K, reserved 1179648K
  class space    used 9795K, committed 10368K, reserved 1048576K
}
Event: 147.675 GC heap after
{Heap after GC invocations=2908 (full 39):
 PSYoungGen      total 7680K, used 3569K [0x00000000eab00000, 0x00000000eb700000, 0x0000000100000000)
  eden space 4096K, 0% used [0x00000000eab00000,0x00000000eab00000,0x00000000eaf00000)
  from space 3584K, 99% used [0x00000000eaf00000,0x00000000eb27c4d0,0x00000000eb280000)
  to   space 4096K, 0% used [0x00000000eb300000,0x00000000eb300000,0x00000000eb700000)
 ParOldGen       total 118784K, used 97727K [0x00000000c0000000, 0x00000000c7400000, 0x00000000eab00000)
  object space 118784K, 82% used [0x00000000c0000000,0x00000000c5f6fde0,0x00000000c7400000)
 Metaspace       used 82611K, committed 83904K, reserved 1179648K
  class space    used 9795K, committed 10368K, reserved 1048576K
}
Event: 147.680 GC heap before
{Heap before GC invocations=2909 (full 39):
 PSYoungGen      total 7680K, used 7665K [0x00000000eab00000, 0x00000000eb700000, 0x0000000100000000)
  eden space 4096K, 100% used [0x00000000eab00000,0x00000000eaf00000,0x00000000eaf00000)
  from space 3584K, 99% used [0x00000000eaf00000,0x00000000eb27c4d0,0x00000000eb280000)
  to   space 4096K, 0% used [0x00000000eb300000,0x00000000eb300000,0x00000000eb700000)
 ParOldGen       total 118784K, used 97727K [0x00000000c0000000, 0x00000000c7400000, 0x00000000eab00000)
  object space 118784K, 82% used [0x00000000c0000000,0x00000000c5f6fde0,0x00000000c7400000)
 Metaspace       used 82611K, committed 83904K, reserved 1179648K
  class space    used 9795K, committed 10368K, reserved 1048576K
}
Event: 147.682 GC heap after
{Heap after GC invocations=2909 (full 39):
 PSYoungGen      total 8704K, used 2720K [0x00000000eab00000, 0x00000000eb700000, 0x0000000100000000)
  eden space 4608K, 0% used [0x00000000eab00000,0x00000000eab00000,0x00000000eaf80000)
  from space 4096K, 66% used [0x00000000eb300000,0x00000000eb5a8000,0x00000000eb700000)
  to   space 3584K, 0% used [0x00000000eaf80000,0x00000000eaf80000,0x00000000eb300000)
 ParOldGen       total 118784K, used 100073K [0x00000000c0000000, 0x00000000c7400000, 0x00000000eab00000)
  object space 118784K, 84% used [0x00000000c0000000,0x00000000c61ba560,0x00000000c7400000)
 Metaspace       used 82611K, committed 83904K, reserved 1179648K
  class space    used 9795K, committed 10368K, reserved 1048576K
}
Event: 147.690 GC heap before
{Heap before GC invocations=2910 (full 39):
 PSYoungGen      total 8704K, used 7328K [0x00000000eab00000, 0x00000000eb700000, 0x0000000100000000)
  eden space 4608K, 100% used [0x00000000eab00000,0x00000000eaf80000,0x00000000eaf80000)
  from space 4096K, 66% used [0x00000000eb300000,0x00000000eb5a8000,0x00000000eb700000)
  to   space 3584K, 0% used [0x00000000eaf80000,0x00000000eaf80000,0x00000000eb300000)
 ParOldGen       total 118784K, used 100073K [0x00000000c0000000, 0x00000000c7400000, 0x00000000eab00000)
  object space 118784K, 84% used [0x00000000c0000000,0x00000000c61ba560,0x00000000c7400000)
 Metaspace       used 82611K, committed 83904K, reserved 1179648K
  class space    used 9795K, committed 10368K, reserved 1048576K
}
Event: 147.692 GC heap after
{Heap after GC invocations=2910 (full 39):
 PSYoungGen      total 8192K, used 3571K [0x00000000eab00000, 0x00000000ebf80000, 0x0000000100000000)
  eden space 4608K, 0% used [0x00000000eab00000,0x00000000eab00000,0x00000000eaf80000)
  from space 3584K, 99% used [0x00000000eaf80000,0x00000000eb2fcd10,0x00000000eb300000)
  to   space 7680K, 0% used [0x00000000eb800000,0x00000000eb800000,0x00000000ebf80000)
 ParOldGen       total 118784K, used 103153K [0x00000000c0000000, 0x00000000c7400000, 0x00000000eab00000)
  object space 118784K, 86% used [0x00000000c0000000,0x00000000c64bc560,0x00000000c7400000)
 Metaspace       used 82611K, committed 83904K, reserved 1179648K
  class space    used 9795K, committed 10368K, reserved 1048576K
}
Event: 147.703 GC heap before
{Heap before GC invocations=2911 (full 39):
 PSYoungGen      total 8192K, used 8179K [0x00000000eab00000, 0x00000000ebf80000, 0x0000000100000000)
  eden space 4608K, 100% used [0x00000000eab00000,0x00000000eaf80000,0x00000000eaf80000)
  from space 3584K, 99% used [0x00000000eaf80000,0x00000000eb2fcd10,0x00000000eb300000)
  to   space 7680K, 0% used [0x00000000eb800000,0x00000000eb800000,0x00000000ebf80000)
 ParOldGen       total 118784K, used 103153K [0x00000000c0000000, 0x00000000c7400000, 0x00000000eab00000)
  object space 118784K, 86% used [0x00000000c0000000,0x00000000c64bc560,0x00000000c7400000)
 Metaspace       used 82611K, committed 83904K, reserved 1179648K
  class space    used 9795K, committed 10368K, reserved 1048576K
}
Event: 147.707 GC heap after
{Heap after GC invocations=2911 (full 39):
 PSYoungGen      total 10752K, used 4740K [0x00000000eab00000, 0x00000000ebd00000, 0x0000000100000000)
  eden space 5632K, 0% used [0x00000000eab00000,0x00000000eab00000,0x00000000eb080000)
  from space 5120K, 92% used [0x00000000eb800000,0x00000000ebca1218,0x00000000ebd00000)
  to   space 5632K, 0% used [0x00000000eb200000,0x00000000eb200000,0x00000000eb780000)
 ParOldGen       total 118784K, used 106661K [0x00000000c0000000, 0x00000000c7400000, 0x00000000eab00000)
  object space 118784K, 89% used [0x00000000c0000000,0x00000000c68296a0,0x00000000c7400000)
 Metaspace       used 82611K, committed 83904K, reserved 1179648K
  class space    used 9795K, committed 10368K, reserved 1048576K
}
Event: 147.717 GC heap before
{Heap before GC invocations=2912 (full 39):
 PSYoungGen      total 10752K, used 10372K [0x00000000eab00000, 0x00000000ebd00000, 0x0000000100000000)
  eden space 5632K, 100% used [0x00000000eab00000,0x00000000eb080000,0x00000000eb080000)
  from space 5120K, 92% used [0x00000000eb800000,0x00000000ebca1218,0x00000000ebd00000)
  to   space 5632K, 0% used [0x00000000eb200000,0x00000000eb200000,0x00000000eb780000)
 ParOldGen       total 118784K, used 106661K [0x00000000c0000000, 0x00000000c7400000, 0x00000000eab00000)
  object space 118784K, 89% used [0x00000000c0000000,0x00000000c68296a0,0x00000000c7400000)
 Metaspace       used 82611K, committed 83904K, reserved 1179648K
  class space    used 9795K, committed 10368K, reserved 1048576K
}
Event: 147.722 GC heap after
{Heap after GC invocations=2912 (full 39):
 PSYoungGen      total 12288K, used 4942K [0x00000000eab00000, 0x00000000ebc00000, 0x0000000100000000)
  eden space 7168K, 0% used [0x00000000eab00000,0x00000000eab00000,0x00000000eb200000)
  from space 5120K, 96% used [0x00000000eb200000,0x00000000eb6d3b58,0x00000000eb700000)
  to   space 5120K, 0% used [0x00000000eb700000,0x00000000eb700000,0x00000000ebc00000)
 ParOldGen       total 118784K, used 110190K [0x00000000c0000000, 0x00000000c7400000, 0x00000000eab00000)
  object space 118784K, 92% used [0x00000000c0000000,0x00000000c6b9b950,0x00000000c7400000)
 Metaspace       used 82611K, committed 83904K, reserved 1179648K
  class space    used 9795K, committed 10368K, reserved 1048576K
}
Event: 147.931 GC heap before
{Heap before GC invocations=2913 (full 39):
 PSYoungGen      total 12288K, used 12110K [0x00000000eab00000, 0x00000000ebc00000, 0x0000000100000000)
  eden space 7168K, 100% used [0x00000000eab00000,0x00000000eb200000,0x00000000eb200000)
  from space 5120K, 96% used [0x00000000eb200000,0x00000000eb6d3b58,0x00000000eb700000)
  to   space 5120K, 0% used [0x00000000eb700000,0x00000000eb700000,0x00000000ebc00000)
 ParOldGen       total 118784K, used 110190K [0x00000000c0000000, 0x00000000c7400000, 0x00000000eab00000)
  object space 118784K, 92% used [0x00000000c0000000,0x00000000c6b9b950,0x00000000c7400000)
 Metaspace       used 82611K, committed 83904K, reserved 1179648K
  class space    used 9795K, committed 10368K, reserved 1048576K
}
Event: 147.934 GC heap after
{Heap after GC invocations=2913 (full 39):
 PSYoungGen      total 12288K, used 4530K [0x00000000eab00000, 0x00000000ebd00000, 0x0000000100000000)
  eden space 7168K, 0% used [0x00000000eab00000,0x00000000eab00000,0x00000000eb200000)
  from space 5120K, 88% used [0x00000000eb700000,0x00000000ebb6c948,0x00000000ebc00000)
  to   space 5120K, 0% used [0x00000000eb200000,0x00000000eb200000,0x00000000eb700000)
 ParOldGen       total 118784K, used 114808K [0x00000000c0000000, 0x00000000c7400000, 0x00000000eab00000)
  object space 118784K, 96% used [0x00000000c0000000,0x00000000c701e1b0,0x00000000c7400000)
 Metaspace       used 82611K, committed 83904K, reserved 1179648K
  class space    used 9795K, committed 10368K, reserved 1048576K
}
Event: 147.975 GC heap before
{Heap before GC invocations=2914 (full 40):
 PSYoungGen      total 12288K, used 11698K [0x00000000eab00000, 0x00000000ebd00000, 0x0000000100000000)
  eden space 7168K, 100% used [0x00000000eab00000,0x00000000eb200000,0x00000000eb200000)
  from space 5120K, 88% used [0x00000000eb700000,0x00000000ebb6c948,0x00000000ebc00000)
  to   space 5120K, 0% used [0x00000000eb200000,0x00000000eb200000,0x00000000eb700000)
 ParOldGen       total 118784K, used 114808K [0x00000000c0000000, 0x00000000c7400000, 0x00000000eab00000)
  object space 118784K, 96% used [0x00000000c0000000,0x00000000c701e1b0,0x00000000c7400000)
 Metaspace       used 82611K, committed 83904K, reserved 1179648K
  class space    used 9795K, committed 10368K, reserved 1048576K
}

